<?xml version="1.0" encoding="UTF-8"?>
<!-- Generated by org.testng.reporters.JUnitXMLReporter -->
<testsuite ignored="0" hostname="ShivaNSravani" failures="1" tests="2" name="Test" time="5.494" errors="0" timestamp="2026-03-14T17:54:23 IST">
  <testcase classname="Maven1.parallelrealtime" name="Facebook" time="3.289">
    <failure type="java.lang.AssertionError" message="expected [Facebook] but found [Google]">
      <![CDATA[java.lang.AssertionError: expected [Facebook] but found [Google]
at Maven1.parallelrealtime.Facebook(parallelrealtime.java:32)
at java.base/java.util.concurrent.Executors$RunnableAdapter.call(Executors.java:572)
at java.base/java.util.concurrent.FutureTask.run(FutureTask.java:317)
at java.base/java.util.concurrent.ThreadPoolExecutor.runWorker(ThreadPoolExecutor.java:1144)
at java.base/java.util.concurrent.ThreadPoolExecutor$Worker.run(ThreadPoolExecutor.java:642)
at java.base/java.lang.Thread.run(Thread.java:1583)
... Removed 17 stack frames]]>
    </failure>
  </testcase> <!-- Facebook -->
  <testcase classname="Maven1.parallelrealtime" name="Gooletest" time="5.445"/>
</testsuite> <!-- Test -->
