<?xml version="1.0" encoding="UTF-8"?>
<!-- Generated by org.testng.reporters.JUnitXMLReporter -->
<testsuite ignored="0" hostname="ShivaNSravani" failures="0" tests="3" name="ParallelTests" time="0.069" errors="0" timestamp="2026-03-14T17:23:59 IST">
  <testcase classname="Maven1.ParallelThread" name="logintest3" time="0.015"/>
  <testcase classname="Maven1.ParallelThread" name="logintest2" time="0.015"/>
  <testcase classname="Maven1.ParallelThread" name="logintest1" time="0.015"/>
</testsuite> <!-- ParallelTests -->
