<?xml version="1.0" encoding="UTF-8"?>
<!-- Generated by org.testng.reporters.JUnitReportReporter -->
<testsuite hostname="ShivaNSravani" failures="0" tests="3" name="Maven1.Testcls1" time="0.017" errors="0" timestamp="2026-03-13T12:08:39 IST" skipped="0">
  <testcase classname="Maven1.Testcls1" name="second" time="0.004"/>
  <testcase classname="Maven1.Testcls1" name="third" time="0.003"/>
  <testcase classname="Maven1.Testcls1" name="first" time="0.010"/>
</testsuite> <!-- Maven1.Testcls1 -->
