<?xml version="1.0" encoding="UTF-8"?>
<!-- Generated by org.testng.reporters.JUnitReportReporter -->
<testsuite hostname="ShivaNSravani" failures="0" tests="3" name="Maven1.Testngparameters" time="0.013" errors="0" timestamp="2026-03-13T13:28:44 IST" skipped="2">
  <testcase classname="Maven1.Testngparameters" name="tc3" time="0.012">
    <skipped/>
  </testcase> <!-- tc3 -->
  <testcase classname="Maven1.Testngparameters" name="tc2" time="0.001"/>
  <testcase classname="Maven1.Testngparameters" name="tc1">
    <skipped/>
  </testcase> <!-- tc1 -->
</testsuite> <!-- Maven1.Testngparameters -->
