<?xml version="1.0" encoding="UTF-8"?>
<!-- Generated by org.testng.reporters.JUnitReportReporter -->
<testsuite hostname="ShivaNSravani" failures="0" tests="2" name="Extentresportscheck.Extentreporttest" time="0.017" errors="0" timestamp="2026-03-25T13:09:04 IST" skipped="0">
  <testcase classname="Extentresportscheck.Extentreporttest" name="FBValidation" time="0.013"/>
  <testcase classname="Extentresportscheck.Extentreporttest" name="Validation" time="0.004"/>
</testsuite> <!-- Extentresportscheck.Extentreporttest -->
