<?xml version="1.0" encoding="UTF-8"?>
<!-- Generated by org.testng.reporters.JUnitReportReporter -->
<testsuite hostname="ShivaNSravani" failures="0" tests="4" name="Maven1.Groupping" time="0.014" errors="0" timestamp="2026-03-14T15:58:53 IST" skipped="0">
  <testcase classname="Maven1.Groupping" name="Smoke" time="0.001"/>
  <testcase classname="Maven1.Groupping" name="Sanity2" time="0.002"/>
  <testcase classname="Maven1.Groupping" name="Smoke2" time="0.002"/>
  <testcase classname="Maven1.Groupping" name="Sanity" time="0.009"/>
</testsuite> <!-- Maven1.Groupping -->
