<?xml version="1.0" encoding="UTF-8"?>
<!-- Generated by org.testng.reporters.JUnitReportReporter -->
<testsuite hostname="ShivaNSravani" failures="0" tests="3" name="Maven1.TestngTest" time="2.738" errors="0" timestamp="2026-03-13T12:31:37 IST" skipped="0">
  <testcase classname="Maven1.TestngTest" name="googleTitleTest3" time="0.003">
    <system-out>
      <![CDATA[Test Case Pass 3]]>
    </system-out>
  </testcase> <!-- googleTitleTest3 -->
  <testcase classname="Maven1.TestngTest" name="googleTitleTest2" time="0.002">
    <system-out>
      <![CDATA[Test Case Pass 2]]>
    </system-out>
  </testcase> <!-- googleTitleTest2 -->
  <testcase classname="Maven1.TestngTest" name="googleTitleTest" time="2.733">
    <system-out>
      <![CDATA[Actual Title: Google
Test Case Pass]]>
    </system-out>
  </testcase> <!-- googleTitleTest -->
  <system-out>
    <![CDATA[Actual Title: Google
Test Case Pass
Test Case Pass 2
Test Case Pass 3]]>
  </system-out>
</testsuite> <!-- Maven1.TestngTest -->
