<?xml version="1.0" encoding="UTF-8"?>
<!-- Generated by org.testng.reporters.JUnitReportReporter -->
<testsuite hostname="ShivaNSravani" failures="0" tests="3" name="Maven1.Testngdependencies" time="0.010" errors="0" timestamp="2026-03-13T13:43:01 IST" skipped="0">
  <testcase classname="Maven1.Testngdependencies" name="login" time="0.001"/>
  <testcase classname="Maven1.Testngdependencies" name="loggout" time="0.001"/>
  <testcase classname="Maven1.Testngdependencies" name="openbrowser" time="0.008"/>
</testsuite> <!-- Maven1.Testngdependencies -->
