<?xml version="1.0" encoding="UTF-8"?>
<!-- Generated by org.testng.reporters.JUnitReportReporter -->
<testsuite hostname="ShivaNSravani" failures="0" tests="3" name="Maven1.ParallelThread" time="0.045" errors="0" timestamp="2026-03-14T17:23:59 IST" skipped="0">
  <testcase classname="Maven1.ParallelThread" name="logintest3" time="0.015"/>
  <testcase classname="Maven1.ParallelThread" name="logintest1" time="0.015"/>
  <testcase classname="Maven1.ParallelThread" name="logintest2" time="0.015"/>
</testsuite> <!-- Maven1.ParallelThread -->
