<?xml version="1.0" encoding="UTF-8"?>
<!-- Generated by org.testng.reporters.JUnitReportReporter -->
<testsuite hostname="ShivaNSravani" failures="0" tests="2" name="Extentresportscheck.TestCases" time="2.026" errors="0" timestamp="2026-03-25T15:24:11 IST" skipped="0">
  <testcase classname="Extentresportscheck.TestCases" name="verifyTitle" time="0.799"/>
  <testcase classname="Extentresportscheck.TestCases" name="verifyFBTitle" time="1.227"/>
</testsuite> <!-- Extentresportscheck.TestCases -->
