<?xml version="1.0" encoding="UTF-8"?>
<!-- Generated by org.testng.reporters.JUnitReportReporter -->
<testsuite hostname="ShivaNSravani" failures="0" tests="3" name="Maven1.Dataprovidertest" time="0.016" errors="0" timestamp="2026-03-16T12:10:15 IST" skipped="0">
  <testcase classname="Maven1.Dataprovidertest" name="logintest" time="0.003"/>
  <testcase classname="Maven1.Dataprovidertest" name="logintest" time="0.011"/>
  <testcase classname="Maven1.Dataprovidertest" name="logintest" time="0.002"/>
</testsuite> <!-- Maven1.Dataprovidertest -->
