<?xml version="1.0" encoding="UTF-8"?>
<!-- Generated by org.testng.reporters.JUnitReportReporter -->
<testsuite hostname="ShivaNSravani" failures="0" tests="3" name="Maven1.Invocationdcnt" time="0.014" errors="0" timestamp="2026-03-13T12:43:24 IST" skipped="0">
  <testcase classname="Maven1.Invocationdcnt" name="login" time="0.011"/>
  <testcase classname="Maven1.Invocationdcnt" name="reset" time="0.002"/>
  <testcase classname="Maven1.Invocationdcnt" name="login" time="0.001"/>
</testsuite> <!-- Maven1.Invocationdcnt -->
