<?xml version="1.0" encoding="UTF-8"?>
<!-- Generated by org.testng.reporters.JUnitReportReporter -->
<testsuite hostname="ShivaNSravani" failures="0" tests="3" name="Maven1.Dataproviderdiffclass" time="0.014" errors="0" timestamp="2026-03-16T12:17:08 IST" skipped="0">
  <testcase classname="Maven1.Dataproviderdiffclass" name="logintest" time="0.002"/>
  <testcase classname="Maven1.Dataproviderdiffclass" name="logintest" time="0.010"/>
  <testcase classname="Maven1.Dataproviderdiffclass" name="logintest" time="0.002"/>
</testsuite> <!-- Maven1.Dataproviderdiffclass -->
