<?xml version="1.0" encoding="UTF-8"?>
<testng-results ignored="0" total="2" passed="2" failed="0" skipped="0">
  <reporter-output>
  </reporter-output>
  <suite started-at="2026-03-25T15:24:08 IST" name="Default suite" finished-at="2026-03-25T15:24:10 IST" duration-ms="2060">
    <groups>
    </groups>
    <test started-at="2026-03-25T15:24:08 IST" name="Default test" finished-at="2026-03-25T15:24:10 IST" duration-ms="2060">
      <class name="Extentresportscheck.TestCases">
        <test-method is-config="true" signature="setUp()[pri:0, instance:Extentresportscheck.TestCases@77c2494c]" started-at="2026-03-25T15:24:02 IST" name="setUp" finished-at="2026-03-25T15:24:08 IST" duration-ms="5981" status="PASS">
          <reporter-output>
          </reporter-output>
        </test-method> <!-- setUp -->
        <test-method signature="verifyFBTitle()[pri:0, instance:Extentresportscheck.TestCases@77c2494c]" started-at="2026-03-25T15:24:08 IST" name="verifyFBTitle" finished-at="2026-03-25T15:24:09 IST" duration-ms="1227" status="PASS">
          <reporter-output>
          </reporter-output>
        </test-method> <!-- verifyFBTitle -->
        <test-method signature="verifyTitle()[pri:0, instance:Extentresportscheck.TestCases@77c2494c]" started-at="2026-03-25T15:24:09 IST" name="verifyTitle" finished-at="2026-03-25T15:24:10 IST" duration-ms="799" status="PASS">
          <reporter-output>
          </reporter-output>
        </test-method> <!-- verifyTitle -->
        <test-method is-config="true" signature="tearDown()[pri:0, instance:Extentresportscheck.TestCases@77c2494c]" started-at="2026-03-25T15:24:10 IST" name="tearDown" finished-at="2026-03-25T15:24:11 IST" duration-ms="397" status="PASS">
          <reporter-output>
          </reporter-output>
        </test-method> <!-- tearDown -->
      </class> <!-- Extentresportscheck.TestCases -->
    </test> <!-- Default test -->
  </suite> <!-- Default suite -->
</testng-results>
